2020-03-13 20:19:34,970  INFO [main] LoginPageTest:30 - Browser is launching...
2020-03-13 20:19:42,776  INFO [main] LoginPageTest:30 - Browser is launching...
2020-03-13 20:19:48,981  INFO [main] LoginPageTest:38 - logintest1 is starting...
2020-03-13 20:19:49,560  INFO [main] LoginPageTest:40 - logintest1 is ending...
2020-03-13 20:19:49,655  INFO [main] LoginPageTest:30 - Browser is launching...
2020-03-13 20:19:56,503  INFO [main] LoginPageTest:30 - Browser is launching...
2020-03-13 20:23:00,069  INFO [main] LoginPageTest:30 - Browser is launching...
2020-03-13 20:23:08,060  INFO [main] LoginPageTest:30 - Browser is launching...
2020-03-13 20:23:14,287  INFO [main] LoginPageTest:38 - logintest1 is starting...
2020-03-13 20:23:14,947  INFO [main] LoginPageTest:40 - logintest1 is ending...
2020-03-13 20:23:15,043  INFO [main] LoginPageTest:30 - Browser is launching...
2020-03-13 20:23:21,316  INFO [main] LoginPageTest:45 - Test 2 is starting....
2020-03-13 20:23:21,964  INFO [main] LoginPageTest:47 - test2 is ending... 
2020-03-13 20:23:22,058  INFO [main] LoginPageTest:30 - Browser is launching...
2020-03-13 20:24:52,724  INFO [main] LoginPageTest:30 - Browser is launching...
2020-03-13 20:25:00,386  INFO [main] LoginPageTest:57 - Get title is starting
2020-03-13 20:25:00,566  INFO [main] LoginPageTest:30 - Browser is launching...
2020-03-13 20:25:06,872  INFO [main] LoginPageTest:38 - logintest1 is starting...
2020-03-13 20:25:08,323  INFO [main] LoginPageTest:40 - logintest1 is ending...
2020-03-13 20:25:08,415  INFO [main] LoginPageTest:30 - Browser is launching...
2020-03-13 20:25:14,610  INFO [main] LoginPageTest:45 - Test 2 is starting....
2020-03-13 20:25:15,274  INFO [main] LoginPageTest:47 - test2 is ending... 
2020-03-13 20:25:17,453  INFO [main] LoginPageTest:30 - Browser is launching...
2020-03-13 20:26:43,409  INFO [main] LoginPageTest:30 - Browser is launching...
2020-03-13 20:26:50,832  INFO [main] LoginPageTest:57 - Get title is starting
2020-03-13 20:26:50,997  INFO [main] LoginPageTest:30 - Browser is launching...
2020-03-13 20:26:57,256  INFO [main] LoginPageTest:38 - logintest1 is starting...
2020-03-13 20:26:57,814  INFO [main] LoginPageTest:40 - logintest1 is ending...
2020-03-13 20:26:57,908  INFO [main] LoginPageTest:30 - Browser is launching...
2020-03-13 20:27:04,040  INFO [main] LoginPageTest:45 - Test 2 is starting....
2020-03-13 20:27:04,575  INFO [main] LoginPageTest:47 - test2 is ending... 
2020-03-13 20:27:04,668  INFO [main] LoginPageTest:30 - Browser is launching...
